Using pre-set license
Built from '2020.3/staging' branch; Version is '2020.3.5f1 (8095aa901b9b) revision 8426922'; Using compiler version '192528614'; Build Type 'Release'
OS: 'Windows 10 Home Single Language; OS build 19042.1052; Version 2009; 64bit' Language: 'ru' Physical Memory: 14274 MB
BatchMode: 1, IsHumanControllingUs: 0, StartBugReporterOnCrash: 0, Is64bit: 1, IsPro: 0

 COMMAND LINE ARGUMENTS:
C:\Program Files\Unity\Hub\Editor\2020.3.5f1\Editor\Unity.exe
-adb2
-batchMode
-noUpm
-name
AssetImportWorker0
-projectPath
E:/Users/super/Documents/Unity/HyperCasualCubeThingCloneForIntership
-logFile
Logs/AssetImportWorker0.log
-srvPort
60024
Successfully changed project path to: E:/Users/super/Documents/Unity/HyperCasualCubeThingCloneForIntership
E:/Users/super/Documents/Unity/HyperCasualCubeThingCloneForIntership
Using Asset Import Pipeline V2.
Refreshing native plugins compatible for Editor in 47.74 ms, found 0 plugins.
Preloading 0 native plugins for Editor in 0.00 ms.
Initialize engine version: 2020.3.5f1 (8095aa901b9b)
[Subsystems] Discovering subsystems at path C:/Program Files/Unity/Hub/Editor/2020.3.5f1/Editor/Data/Resources/UnitySubsystems
[Subsystems] Discovering subsystems at path E:/Users/super/Documents/Unity/HyperCasualCubeThingCloneForIntership/Assets
GfxDevice: creating device client; threaded=0
Direct3D:
    Version:  Direct3D 11.0 [level 11.1]
    Renderer: AMD Radeon(TM) Vega 8 Graphics (ID=0x15d8)
    Vendor:   
    VRAM:     7137 MB
    Driver:   27.20.1028.1
Initialize mono
Mono path[0] = 'C:/Program Files/Unity/Hub/Editor/2020.3.5f1/Editor/Data/Managed'
Mono path[1] = 'C:/Program Files/Unity/Hub/Editor/2020.3.5f1/Editor/Data/MonoBleedingEdge/lib/mono/unityjit'
Mono config path = 'C:/Program Files/Unity/Hub/Editor/2020.3.5f1/Editor/Data/MonoBleedingEdge/etc'
Using monoOptions --debugger-agent=transport=dt_socket,embedding=1,server=y,suspend=n,address=127.0.0.1:56980
Begin MonoManager ReloadAssembly
Registering precompiled unity dll's ...
Register platform support module: C:/Program Files/Unity/Hub/Editor/2020.3.5f1/Editor/Data/PlaybackEngines/WindowsStandaloneSupport/UnityEditor.WindowsStandalone.Extensions.dll
Registered in 0.002928 seconds.
Native extension for WindowsStandalone target not found
Refreshing native plugins compatible for Editor in 42.96 ms, found 0 plugins.
Preloading 0 native plugins for Editor in 0.00 ms.
Mono: successfully reloaded assembly
- Completed reload, in  2.364 seconds
Platform modules already initialized, skipping
Registering precompiled user dll's ...
Registered in 0.002072 seconds.
Begin MonoManager ReloadAssembly
Native extension for WindowsStandalone target not found
Refreshing native plugins compatible for Editor in 0.54 ms, found 0 plugins.
Preloading 0 native plugins for Editor in 0.00 ms.
Mono: successfully reloaded assembly
- Completed reload, in  1.044 seconds
Platform modules already initialized, skipping
========================================================================
Worker process is ready to serve import requests
Launched and connected shader compiler UnityShaderCompiler.exe after 0.08 seconds
Refreshing native plugins compatible for Editor in 0.51 ms, found 0 plugins.
Preloading 0 native plugins for Editor in 0.00 ms.
Unloading 1393 Unused Serialized files (Serialized files now loaded: 0)
System memory in use before: 117.1 MB.
System memory in use after: 112.6 MB.

Unloading 37 unused Assets to reduce memory usage. Loaded Objects now: 1841.
Total: 4.465700 ms (FindLiveObjects: 0.302400 ms CreateObjectMapping: 0.082300 ms MarkObjects: 1.801200 ms  DeleteObjects: 2.278400 ms)

========================================================================
Received Import Request.
  path: Assets/Levels/Level 1.prefab
  artifactKey: Guid(855d4a7a0bdbf02439fbca511228b88c) Importer(815301076,1909f56bfc062723c751e8b465ee728b)
Start importing Assets/Levels/Level 1.prefab using Guid(855d4a7a0bdbf02439fbca511228b88c) Importer(815301076,1909f56bfc062723c751e8b465ee728b)  -> (artifact id: 'f1553baaa393168f3ff9a5d547fd7de4') in 0.292554 seconds
  Import took 0.377842 seconds .

========================================================================
Received Prepare
Refreshing native plugins compatible for Editor in 5.55 ms, found 0 plugins.
Preloading 0 native plugins for Editor in 0.00 ms.
Unloading 30 Unused Serialized files (Serialized files now loaded: 0)
System memory in use before: 89.4 MB.
System memory in use after: 85.0 MB.

Unloading 30 unused Assets to reduce memory usage. Loaded Objects now: 1850.
Total: 5.148400 ms (FindLiveObjects: 0.260900 ms CreateObjectMapping: 0.037900 ms MarkObjects: 2.333000 ms  DeleteObjects: 2.514900 ms)

========================================================================
Received Import Request.
  Time since last request: 7.415392 seconds.
  path: Assets/Levels/Level 1.prefab
  artifactKey: Guid(855d4a7a0bdbf02439fbca511228b88c) Importer(815301076,1909f56bfc062723c751e8b465ee728b)
Start importing Assets/Levels/Level 1.prefab using Guid(855d4a7a0bdbf02439fbca511228b88c) Importer(815301076,1909f56bfc062723c751e8b465ee728b)  -> (artifact id: '6819b6b8d659346c73345c6536338e3d') in 0.114780 seconds
  Import took 0.152465 seconds .

========================================================================
Received Import Request.
  Time since last request: 5.538930 seconds.
  path: Assets/Levels/Level 1.prefab
  artifactKey: Guid(855d4a7a0bdbf02439fbca511228b88c) Importer(815301076,1909f56bfc062723c751e8b465ee728b)
Start importing Assets/Levels/Level 1.prefab using Guid(855d4a7a0bdbf02439fbca511228b88c) Importer(815301076,1909f56bfc062723c751e8b465ee728b)  -> (artifact id: 'af9c88496ae45d595fbcd9000264a15b') in 0.108765 seconds
  Import took 0.140233 seconds .

========================================================================
Received Prepare
Registering precompiled user dll's ...
Registered in 0.001906 seconds.
Begin MonoManager ReloadAssembly
Native extension for WindowsStandalone target not found
Refreshing native plugins compatible for Editor in 0.55 ms, found 0 plugins.
Preloading 0 native plugins for Editor in 0.00 ms.
Mono: successfully reloaded assembly
- Completed reload, in  1.036 seconds
Platform modules already initialized, skipping
Switching build target platform(5) subTarget(0) extendedPlatform(0) -> platform(13) subTarget(537395200) extendedPlatform(0)
Refreshing native plugins compatible for Editor in 0.67 ms, found 0 plugins.
Preloading 0 native plugins for Editor in 0.00 ms.
Unloading 1305 Unused Serialized files (Serialized files now loaded: 0)
System memory in use before: 111.4 MB.
System memory in use after: 106.9 MB.

Unloading 32 unused Assets to reduce memory usage. Loaded Objects now: 1853.
Total: 6.689000 ms (FindLiveObjects: 0.405000 ms CreateObjectMapping: 0.133700 ms MarkObjects: 3.199000 ms  DeleteObjects: 2.947600 ms)

AssetImportParameters requested are different than current active one (requested -> active):
  custom:graphics/normal-map-encoding: 01000000000000000000000000000000 -> 02000000000000000000000000000000
========================================================================
Received Prepare
Refreshing native plugins compatible for Editor in 5.96 ms, found 0 plugins.
Preloading 0 native plugins for Editor in 0.00 ms.
Unloading 30 Unused Serialized files (Serialized files now loaded: 0)
System memory in use before: 87.2 MB.
System memory in use after: 82.8 MB.

Unloading 30 unused Assets to reduce memory usage. Loaded Objects now: 1853.
Total: 5.404100 ms (FindLiveObjects: 0.245800 ms CreateObjectMapping: 0.050500 ms MarkObjects: 2.123000 ms  DeleteObjects: 2.983500 ms)

AssetImportWorkerClient::OnTransportError - code=2 error=End of file
